number,value,datetime_start,datetime_complete,duration,params_alpha,params_base,params_batch_size,params_dropout,params_latent_dim,params_lr,system_attrs_tpe:relative_params:0,state
0,0.32929806038737297,2026-10-01 15:34:41.831362,2026-10-01 15:37:08.795199,0 days 00:02:26.963837,0.9364594334728974,32,16,0.006175348288740734,256,0.0003574712922600243,,COMPLETE
1,0.33961934223771095,2026-10-01 15:37:08.826463,2026-10-01 15:41:15.774417,0 days 00:04:06.947954,0.6648628294821612,48,16,0.08764339456056544,512,0.0016967533607196547,,COMPLETE
2,0.3353578932583332,2026-10-01 15:41:15.798588,2026-10-01 15:47:12.636060,0 days 00:05:56.837472,0.8637788066524075,64,16,0.2896896099223678,1024,0.000471705203762518,,COMPLETE
3,0.32830604910850525,2026-10-01 15:47:12.659264,2026-10-01 15:49:31.014389,0 days 00:02:18.355125,0.7340306095300149,32,32,0.09351332282682329,512,0.00028180680291847244,,COMPLETE
4,0.3316445089876652,2026-10-01 15:49:31.044739,2026-10-01 15:51:49.064710,0 days 00:02:18.019971,0.646398648843469,32,32,0.01356818667316142,256,0.000642033033629786,,COMPLETE
5,0.3284785896539688,2026-10-01 15:51:49.089233,2026-10-01 15:57:09.232529,0 days 00:05:20.143296,0.5894220566903776,64,32,0.23167343078899721,512,0.00037507963596256056,,COMPLETE
6,0.31741609424352646,2026-10-01 15:57:09.268194,2026-10-01 16:01:10.110853,0 days 00:04:00.842659,0.5286012576287107,48,16,0.09926940745579475,256,0.0001018959297939515,,COMPLETE
7,0.32743171229958534,2026-10-01 16:01:10.139400,2026-10-01 16:05:01.815822,0 days 00:03:51.676422,0.7222080183639759,48,32,0.2312901539863683,256,0.0002879775265707035,,COMPLETE
8,0.36339857429265976,2026-10-01 16:05:01.843899,2026-10-01 16:06:42.024709,0 days 00:01:40.180810,0.8399980123443719,48,16,0.12311487691068891,512,0.0005917520523090669,,PRUNED
9,0.3602976091206074,2026-10-01 16:06:42.050591,2026-10-01 16:07:36.206406,0 days 00:00:54.155815,0.7427040088620428,32,32,0.2677676995469933,256,0.00021775224101934097,,PRUNED
10,0.3724563270807266,2026-10-01 16:07:36.227549,2026-10-01 16:09:51.621857,0 days 00:02:15.394308,0.5122481421421407,48,64,0.06461621681334775,512,0.00011618148787573123,"{""alpha"": 0.5122481421421407, ""base"": 48, ""batch_size"": 64, ""dropout"": 0.06461621681334775, ""latent_dim"": 512, ""lr"": 0.00011618148787573123}",PRUNED
11,0.3165193274617195,2026-10-01 16:09:51.647508,2026-10-01 16:13:52.127981,0 days 00:04:00.480473,0.6271049569407451,48,16,0.11173392155796633,256,0.00010625895818843087,"{""alpha"": 0.6271049569407451, ""base"": 48, ""batch_size"": 16, ""dropout"": 0.11173392155796633, ""latent_dim"": 256, ""lr"": 0.00010625895818843087}",COMPLETE
12,0.3118320070207119,2026-10-01 16:13:52.158095,2026-10-01 16:19:14.820804,0 days 00:05:22.662709,0.5323989189749115,64,16,0.13233878548641761,256,0.00013777798075514632,"{""alpha"": 0.5323989189749115, ""base"": 64, ""batch_size"": 16, ""dropout"": 0.13233878548641761, ""latent_dim"": 256, ""lr"": 0.00013777798075514632}",COMPLETE
13,0.316893320530653,2026-10-01 16:19:14.855428,2026-10-01 16:24:37.908927,0 days 00:05:23.053499,0.5366451658388318,64,16,0.22177880966919394,256,0.0001492614457800588,"{""alpha"": 0.5366451658388318, ""base"": 64, ""batch_size"": 16, ""dropout"": 0.22177880966919394, ""latent_dim"": 256, ""lr"": 0.0001492614457800588}",COMPLETE
14,0.3219531551003456,2026-10-01 16:24:37.933799,2026-10-01 16:28:37.376725,0 days 00:03:59.442926,0.704675992924322,48,16,0.1310619535714851,256,0.0001490080501417752,"{""alpha"": 0.704675992924322, ""base"": 48, ""batch_size"": 16, ""dropout"": 0.1310619535714851, ""latent_dim"": 256, ""lr"": 0.0001490080501417752}",COMPLETE
15,0.3101624920964241,2026-10-01 16:28:37.401220,2026-10-01 16:32:36.905822,0 days 00:03:59.504602,0.5081901619799212,48,16,0.032308145043729766,256,0.0002625831965456751,"{""alpha"": 0.5081901619799212, ""base"": 48, ""batch_size"": 16, ""dropout"": 0.032308145043729766, ""latent_dim"": 256, ""lr"": 0.0002625831965456751}",COMPLETE
16,0.35923948138952255,2026-10-01 16:32:36.939477,2026-10-01 16:33:34.431980,0 days 00:00:57.492503,0.5260213282032613,32,16,0.04113571338504914,256,0.0004306936285093311,"{""alpha"": 0.5260213282032613, ""base"": 32, ""batch_size"": 16, ""dropout"": 0.04113571338504914, ""latent_dim"": 256, ""lr"": 0.0004306936285093311}",PRUNED
17,0.33893057331442833,2026-10-01 16:33:34.454955,2026-10-01 16:35:57.951741,0 days 00:02:23.496786,0.5535059609499082,48,16,0.18049714412487494,256,0.00040394923866274117,"{""alpha"": 0.5535059609499082, ""base"": 48, ""batch_size"": 16, ""dropout"": 0.18049714412487494, ""latent_dim"": 256, ""lr"": 0.00040394923866274117}",PRUNED
18,0.3119583874940872,2026-10-01 16:35:57.976252,2026-10-01 16:39:57.230930,0 days 00:03:59.254678,0.5784891540154462,48,16,0.05175450746796453,256,0.00024029028289768511,"{""alpha"": 0.5784891540154462, ""base"": 48, ""batch_size"": 16, ""dropout"": 0.05175450746796453, ""latent_dim"": 256, ""lr"": 0.00024029028289768511}",COMPLETE
19,0.36793313175439835,2026-10-01 16:39:57.256628,2026-10-01 16:42:05.142035,0 days 00:02:07.885407,0.6418629167280367,64,16,0.16535986796005128,256,0.0005822825012048281,"{""alpha"": 0.6418629167280367, ""base"": 64, ""batch_size"": 16, ""dropout"": 0.16535986796005128, ""latent_dim"": 256, ""lr"": 0.0005822825012048281}",PRUNED
