number,value,datetime_start,datetime_complete,duration,params_base,params_batch_size,params_dropout,params_embed_dim,params_lambda_l1,params_lr_d,params_lr_g,system_attrs_tpe:relative_params:0,state
0,0.30388977006077766,2026-10-01 18:15:52.036214,2026-10-01 18:17:51.280354,0 days 00:01:59.244140,64,8,0.3005575058716044,32,121.06896936002164,0.0008627358286640176,0.0001535528683888687,,COMPLETE
1,0.32938678562641144,2026-10-01 18:17:51.314158,2026-10-01 18:19:36.802461,0 days 00:01:45.488303,64,32,0.06974693032602092,32,105.0842133869176,8.620446097910778e-05,9.445600138094707e-05,,COMPLETE
2,0.3206898272037506,2026-10-01 18:19:36.827615,2026-10-01 18:21:11.467825,0 days 00:01:34.640210,64,32,0.4828160165372797,8,77.66184280392886,0.00023334818836184617,9.093929525644111e-05,,COMPLETE
3,0.32344938069581985,2026-10-01 18:21:11.493537,2026-10-01 18:22:19.578679,0 days 00:01:08.085142,48,32,0.2600340105889054,32,101.96967939171478,7.206848764305207e-05,0.00018690529340959007,,COMPLETE
4,0.373564712703228,2026-10-01 18:22:19.614032,2026-10-01 18:23:20.964095,0 days 00:01:01.350063,64,16,0.194338644844741,16,23.200867504756822,0.0007297384471483423,0.000834230969314674,,PRUNED
5,0.36096057295799255,2026-10-01 18:23:21.012415,2026-10-01 18:23:41.271235,0 days 00:00:20.258820,32,32,0.4077307142274171,32,12.483440997339653,7.626348515257591e-05,0.00025411709798607286,,PRUNED
6,0.36192813888192177,2026-10-01 18:23:41.301581,2026-10-01 18:24:35.172044,0 days 00:00:53.870463,64,8,0.36480308916903204,16,14.308552498147842,7.074880787470712e-05,0.0001463338064274537,,PRUNED
7,0.3673790581524372,2026-10-01 18:24:35.196071,2026-10-01 18:24:53.646916,0 days 00:00:18.450845,32,16,0.053945713496652226,16,45.884470473124296,0.0004883983328839159,0.00042356773126632795,,PRUNED
8,0.3178495913743973,2026-10-01 18:24:53.673214,2026-10-01 18:26:05.389997,0 days 00:01:11.716783,48,16,0.46484882617128653,32,111.07120377605905,0.00010551317027300856,0.0007581256838789622,,COMPLETE
9,0.45369279384613037,2026-10-01 18:26:05.416155,2026-10-01 18:26:23.181901,0 days 00:00:17.765746,32,32,0.21355389431312816,16,46.18463980051295,0.0007247964111811319,8.743861043586437e-05,,PRUNED
10,0.3700389787554741,2026-10-01 18:26:23.204947,2026-10-01 18:27:21.642759,0 days 00:00:58.437812,64,8,0.2822501642573711,32,29.441038241654677,0.00010147304629404165,0.000665533665269177,"{""base"": 64, ""batch_size"": 8, ""dropout"": 0.2822501642573711, ""embed_dim"": 32, ""lambda_l1"": 29.441038241654677, ""lr_d"": 0.00010147304629404165, ""lr_g"": 0.000665533665269177}",PRUNED
11,0.3200564533472061,2026-10-01 18:27:21.674647,2026-10-01 18:28:32.887256,0 days 00:01:11.212609,48,16,0.3801151048529712,32,71.69699337440245,6.06861984357745e-05,0.0006763855534131074,"{""base"": 48, ""batch_size"": 16, ""dropout"": 0.3801151048529712, ""embed_dim"": 32, ""lambda_l1"": 71.69699337440245, ""lr_d"": 6.06861984357745e-05, ""lr_g"": 0.0006763855534131074}",COMPLETE
